<?xml version="1.0" encoding="UTF-8"?>
<testng-results ignored="0" total="2" passed="2" failed="0" skipped="0">
  <reporter-output>
    <line>
      <![CDATA[@BeforeSuite]]>
    </line>
    <line>
      <![CDATA[@BeforeTest]]>
    </line>
    <line>
      <![CDATA[@BeforeClass]]>
    </line>
    <line>
      <![CDATA[@BeforeMethod]]>
    </line>
    <line>
      <![CDATA[@Test]]>
    </line>
    <line>
      <![CDATA[@AfterMethod]]>
    </line>
    <line>
      <![CDATA[@BeforeMethod]]>
    </line>
    <line>
      <![CDATA[@Test]]>
    </line>
    <line>
      <![CDATA[@AfterMethod]]>
    </line>
    <line>
      <![CDATA[@AfterClass]]>
    </line>
    <line>
      <![CDATA[@AfterTest]]>
    </line>
    <line>
      <![CDATA[@AfterSuite]]>
    </line>
  </reporter-output>
  <suite started-at="2020-10-04T19:02:02 IST" name="Default suite" finished-at="2020-10-04T19:02:02 IST" duration-ms="62">
    <groups>
    </groups>
    <test started-at="2020-10-04T19:02:02 IST" name="Default test" finished-at="2020-10-04T19:02:02 IST" duration-ms="62">
      <class name="com.alphabet.gmail.testNG.TC011">
        <test-method is-config="true" signature="m1()[pri:0, instance:com.alphabet.gmail.testNG.TC011@4278a03f]" started-at="2020-10-04T19:02:02 IST" name="m1" finished-at="2020-10-04T19:02:02 IST" duration-ms="36" status="PASS">
          <reporter-output>
            <line>
              <![CDATA[@BeforeSuite]]>
            </line>
          </reporter-output>
        </test-method> <!-- m1 -->
        <test-method is-config="true" signature="m2()[pri:0, instance:com.alphabet.gmail.testNG.TC011@4278a03f]" started-at="2020-10-04T19:02:02 IST" name="m2" finished-at="2020-10-04T19:02:02 IST" duration-ms="1" status="PASS">
          <reporter-output>
            <line>
              <![CDATA[@BeforeTest]]>
            </line>
          </reporter-output>
        </test-method> <!-- m2 -->
        <test-method is-config="true" signature="m3()[pri:0, instance:com.alphabet.gmail.testNG.TC011@4278a03f]" started-at="2020-10-04T19:02:02 IST" name="m3" finished-at="2020-10-04T19:02:02 IST" duration-ms="0" status="PASS">
          <reporter-output>
            <line>
              <![CDATA[@BeforeClass]]>
            </line>
          </reporter-output>
        </test-method> <!-- m3 -->
        <test-method is-config="true" signature="m4()[pri:0, instance:com.alphabet.gmail.testNG.TC011@4278a03f]" started-at="2020-10-04T19:02:02 IST" name="m4" finished-at="2020-10-04T19:02:02 IST" duration-ms="1" status="PASS">
          <reporter-output>
            <line>
              <![CDATA[@BeforeMethod]]>
            </line>
          </reporter-output>
        </test-method> <!-- m4 -->
        <test-method signature="m5()[pri:0, instance:com.alphabet.gmail.testNG.TC011@4278a03f]" started-at="2020-10-04T19:02:02 IST" name="m5" finished-at="2020-10-04T19:02:02 IST" duration-ms="9" status="PASS">
          <reporter-output>
            <line>
              <![CDATA[@Test]]>
            </line>
          </reporter-output>
        </test-method> <!-- m5 -->
        <test-method is-config="true" signature="m6()[pri:0, instance:com.alphabet.gmail.testNG.TC011@4278a03f]" started-at="2020-10-04T19:02:02 IST" name="m6" finished-at="2020-10-04T19:02:02 IST" duration-ms="1" status="PASS">
          <reporter-output>
            <line>
              <![CDATA[@AfterMethod]]>
            </line>
          </reporter-output>
        </test-method> <!-- m6 -->
        <test-method is-config="true" signature="m4()[pri:0, instance:com.alphabet.gmail.testNG.TC011@4278a03f]" started-at="2020-10-04T19:02:02 IST" name="m4" finished-at="2020-10-04T19:02:02 IST" duration-ms="1" status="PASS">
          <reporter-output>
            <line>
              <![CDATA[@BeforeMethod]]>
            </line>
          </reporter-output>
        </test-method> <!-- m4 -->
        <test-method signature="t1()[pri:0, instance:com.alphabet.gmail.testNG.TC011@4278a03f]" started-at="2020-10-04T19:02:02 IST" name="t1" finished-at="2020-10-04T19:02:02 IST" duration-ms="2" status="PASS">
          <reporter-output>
            <line>
              <![CDATA[@Test]]>
            </line>
          </reporter-output>
        </test-method> <!-- t1 -->
        <test-method is-config="true" signature="m6()[pri:0, instance:com.alphabet.gmail.testNG.TC011@4278a03f]" started-at="2020-10-04T19:02:02 IST" name="m6" finished-at="2020-10-04T19:02:02 IST" duration-ms="0" status="PASS">
          <reporter-output>
            <line>
              <![CDATA[@AfterMethod]]>
            </line>
          </reporter-output>
        </test-method> <!-- m6 -->
        <test-method is-config="true" signature="m7()[pri:0, instance:com.alphabet.gmail.testNG.TC011@4278a03f]" started-at="2020-10-04T19:02:02 IST" name="m7" finished-at="2020-10-04T19:02:02 IST" duration-ms="1" status="PASS">
          <reporter-output>
            <line>
              <![CDATA[@AfterClass]]>
            </line>
          </reporter-output>
        </test-method> <!-- m7 -->
        <test-method is-config="true" signature="m8()[pri:0, instance:com.alphabet.gmail.testNG.TC011@4278a03f]" started-at="2020-10-04T19:02:02 IST" name="m8" finished-at="2020-10-04T19:02:02 IST" duration-ms="1" status="PASS">
          <reporter-output>
            <line>
              <![CDATA[@AfterTest]]>
            </line>
          </reporter-output>
        </test-method> <!-- m8 -->
        <test-method is-config="true" signature="m9()[pri:0, instance:com.alphabet.gmail.testNG.TC011@4278a03f]" started-at="2020-10-04T19:02:02 IST" name="m9" finished-at="2020-10-04T19:02:02 IST" duration-ms="1" status="PASS">
          <reporter-output>
            <line>
              <![CDATA[@AfterSuite]]>
            </line>
          </reporter-output>
        </test-method> <!-- m9 -->
      </class> <!-- com.alphabet.gmail.testNG.TC011 -->
    </test> <!-- Default test -->
  </suite> <!-- Default suite -->
</testng-results>
